Started by user [8mha:////4PgSdl+Xt+9hQrczPk2tTOIYmpJ0Cb+tJkglYxHS0MiEAAAAlh+LCAAAAAAAAP9b85aBtbiIQTGjNKU4P08vOT+vOD8nVc83PyU1x6OyILUoJzMv2y+/JJUBAhiZGBgqihhk0NSjKDWzXb3RdlLBUSYGJk8GtpzUvPSSDB8G5tKinBIGIZ+sxLJE/ZzEvHT94JKizLx0a6BxUmjGOUNodHsLgAyWEgYu/dLi1CL9xLy8RAAmEsTlvwAAAA==[0mAnna
Running as SYSTEM
Building in workspace /var/jenkins_home/workspace/atest
Unpacking https://nodejs.org/dist/v21.7.1/node-v21.7.1-linux-x64.tar.gz to /var/jenkins_home/tools/jenkins.plugins.nodejs.tools.NodeJSInstallation/Node.js on Jenkins
[atest] $ /bin/sh -xe /tmp/jenkins8964554975542939764.sh
+ npm i
npm ERR! code ENOENT
npm ERR! syscall open
npm ERR! path /var/jenkins_home/workspace/atest/package.json
npm ERR! errno -2
npm ERR! enoent Could not read package.json: Error: ENOENT: no such file or directory, open '/var/jenkins_home/workspace/atest/package.json'
npm ERR! enoent This is related to npm not being able to find a file.
npm ERR! enoent 

npm ERR! A complete log of this run can be found in: /root/.npm/_logs/2024-03-24T20_26_39_755Z-debug-0.log
Build step 'Execute shell' marked build as failure
Finished: FAILURE
