Started by user [8mha:////4PgSdl+Xt+9hQrczPk2tTOIYmpJ0Cb+tJkglYxHS0MiEAAAAlh+LCAAAAAAAAP9b85aBtbiIQTGjNKU4P08vOT+vOD8nVc83PyU1x6OyILUoJzMv2y+/JJUBAhiZGBgqihhk0NSjKDWzXb3RdlLBUSYGJk8GtpzUvPSSDB8G5tKinBIGIZ+sxLJE/ZzEvHT94JKizLx0a6BxUmjGOUNodHsLgAyWEgYu/dLi1CL9xLy8RAAmEsTlvwAAAA==[0mAnna
Running as SYSTEM
Building in workspace /var/jenkins_home/workspace/atest
The recommended git tool is: NONE
No credentials specified
 > git rev-parse --resolve-git-dir /var/jenkins_home/workspace/atest/.git # timeout=10
Fetching changes from the remote Git repository
 > git config remote.origin.url https://github.com/LitvinenkoAnn/TestJerkins.git # timeout=10
Fetching upstream changes from https://github.com/LitvinenkoAnn/TestJerkins.git
 > git --version # timeout=10
 > git --version # 'git version 2.39.2'
 > git fetch --tags --force --progress -- https://github.com/LitvinenkoAnn/TestJerkins.git +refs/heads/*:refs/remotes/origin/* # timeout=10
 > git rev-parse refs/remotes/origin/master^{commit} # timeout=10
Checking out Revision 865ce8f2f259a391f936aff1ff70829794586d4a (refs/remotes/origin/master)
 > git config core.sparsecheckout # timeout=10
 > git checkout -f 865ce8f2f259a391f936aff1ff70829794586d4a # timeout=10
Commit message: "2 commit"
First time build. Skipping changelog.
[atest] $ /bin/sh -xe /tmp/jenkins18230158288362328631.sh
+ npm run test:promova
npm ERR! Missing script: "test:promova"
npm ERR! 
npm ERR! To see a list of scripts, run:
npm ERR!   npm run

npm ERR! A complete log of this run can be found in: /root/.npm/_logs/2024-03-24T21_20_49_142Z-debug-0.log
Build step 'Execute shell' marked build as failure
Finished: FAILURE
